Andx3/proguard_logs/seeds.txt
com.umk.andx3.api.Api
com.umk.andx3.base.BaseActivity
com.umk.andx3.base.BaseActivity: com.umk.andx3.base.BaseApplication mApplication
com.umk.andx3.base.BaseActivity: com.umk.andx3.util.NetWorkUtil mNetWorkUtil
com.umk.andx3.base.BaseActivity: com.lidroid.xutils.BitmapUtils mBitmapUtils
com.umk.andx3.base.BaseActivity: com.umk.andx3.dialog.FlippingAlertDialog loadingDialog
com.umk.andx3.base.BaseActivity: int mScreenWidth
com.umk.andx3.base.BaseActivity: int mScreenHeight
com.umk.andx3.base.BaseActivity: float mDensity
com.umk.andx3.base.BaseActivity: boolean runTopState
com.umk.andx3.base.BaseActivity: BaseActivity()
com.umk.andx3.base.BaseActivity: void onCreate(android.os.Bundle)
com.umk.andx3.base.BaseActivity: void initBase()
com.umk.andx3.base.BaseActivity: void initUtil()
com.umk.andx3.base.BaseActivity: void initParam()
com.umk.andx3.base.BaseActivity: void initLog()
com.umk.andx3.base.BaseActivity: boolean getRun(com.umk.andx3.base.BaseActivity)
com.umk.andx3.base.BaseActivity: boolean getRunTop(com.umk.andx3.base.BaseActivity)
com.umk.andx3.base.BaseActivity: void onStart()
com.umk.andx3.base.BaseActivity: void onStop()
com.umk.andx3.base.BaseActivity: int getScreenWidth(android.content.Context)
com.umk.andx3.base.BaseActivity: int getScreenHeight(android.content.Context)
com.umk.andx3.base.BaseActivity: void showShortToast(java.lang.String)
com.umk.andx3.base.BaseActivity: void showLongToast(java.lang.String)
com.umk.andx3.base.BaseActivity: void showToast(int,int)
com.umk.andx3.base.BaseApplication
com.umk.andx3.base.BaseApplication: BaseApplication()
com.umk.andx3.base.BaseLpi
com.umk.andx3.base.BaseLpi: java.lang.Class entityClass
com.umk.andx3.base.BaseLpi: com.lidroid.xutils.DbUtils dbUtils
com.umk.andx3.base.BaseLpi: BaseLpi()
com.umk.andx3.base.BaseLpi: com.lidroid.xutils.DbUtils getDbUtils(android.content.Context)
com.umk.andx3.base.BaseLpi: void saveOrUpdate(android.content.Context,java.lang.Object)
com.umk.andx3.base.BaseLpi: void saveOrUpdate(android.content.Context,java.util.List)
com.umk.andx3.base.BaseLpi: void delete(android.content.Context,java.lang.Object)
com.umk.andx3.base.BaseLpi: void delete(android.content.Context,java.util.List)
com.umk.andx3.base.BaseLpi: java.lang.Object find(android.content.Context,java.lang.Long)
com.umk.andx3.base.BaseLpi: java.util.List findAll(android.content.Context)
com.umk.andx3.base.BaseLpi: java.lang.Object exist(android.content.Context,java.lang.Object,java.util.Map)
com.umk.andx3.entity.IEntity: IEntity()
com.umk.andx3.util.NetWorkUtil$NetWorkState: com.umk.andx3.util.NetWorkUtil$NetWorkState[] values()
com.umk.andx3.util.NetWorkUtil$NetWorkState: com.umk.andx3.util.NetWorkUtil$NetWorkState valueOf(java.lang.String)
com.umk.andx3.view.NoScrollGridView
com.umk.andx3.view.NoScrollGridView: NoScrollGridView(android.content.Context)
com.umk.andx3.view.NoScrollGridView: NoScrollGridView(android.content.Context,android.util.AttributeSet)
com.umk.andx3.view.NoScrollGridView: NoScrollGridView(android.content.Context,android.util.AttributeSet,int)
com.umk.andx3.view.NoScrollListView
com.umk.andx3.view.NoScrollListView: NoScrollListView(android.content.Context,android.util.AttributeSet)
com.umk.andx3.view.NoScrollListView: NoScrollListView(android.content.Context,android.util.AttributeSet,int)
com.umk.andx3.view.ScrollingTextView
com.umk.andx3.view.ScrollingTextView: ScrollingTextView(android.content.Context)
com.umk.andx3.view.ScrollingTextView: ScrollingTextView(android.content.Context,android.util.AttributeSet)
com.umk.andx3.view.ScrollingTextView: ScrollingTextView(android.content.Context,android.util.AttributeSet,int)
...
android.support.v4.app.BackStackState
android.support.v4.app.BackStackState: android.os.Parcelable$Creator CREATOR
android.support.v4.app.Fragment$SavedState
android.support.v4.app.Fragment$SavedState: android.os.Parcelable$Creator CREATOR
android.support.v4.app.FragmentActivity
android.support.v4.app.FragmentManagerState
android.support.v4.app.FragmentManagerState: android.os.Parcelable$Creator CREATOR
android.support.v4.app.FragmentState
android.support.v4.app.FragmentState: android.os.Parcelable$Creator CREATOR
android.support.v4.content.ModernAsyncTask$Status: android.support.v4.content.ModernAsyncTask$Status[] values()
android.support.v4.content.ModernAsyncTask$Status: android.support.v4.content.ModernAsyncTask$Status valueOf(java.lang.String)
android.support.v4.view.PagerTabStrip
android.support.v4.view.PagerTabStrip: PagerTabStrip(android.content.Context,android.util.AttributeSet)
android.support.v4.view.PagerTitleStrip
android.support.v4.view.PagerTitleStrip: PagerTitleStrip(android.content.Context,android.util.AttributeSet)
android.support.v4.view.ViewPager
android.support.v4.view.ViewPager: ViewPager(android.content.Context)
android.support.v4.view.ViewPager: ViewPager(android.content.Context,android.util.AttributeSet)
android.support.v4.view.ViewPager$LayoutParams
android.support.v4.view.ViewPager$LayoutParams: ViewPager$LayoutParams(android.content.Context,android.util.AttributeSet)
android.support.v4.view.ViewPager$SavedState
android.support.v4.view.ViewPager$SavedState: android.os.Parcelable$Creator CREATOR
cn.waps.AdInfo
cn.waps.AdInfo: java.lang.String a
cn.waps.AdInfo: java.lang.String b
cn.waps.AdInfo: java.lang.String c
cn.waps.AdInfo: int d
cn.waps.AdInfo: java.lang.String e
cn.waps.AdInfo: java.lang.String f
cn.waps.AdInfo: java.lang.String g
cn.waps.AdInfo: java.lang.String h
cn.waps.AdInfo: java.lang.String[] i
cn.waps.AdInfo: java.lang.String j
cn.waps.AdInfo: java.lang.String k
cn.waps.AdInfo: android.graphics.Bitmap l
cn.waps.AdInfo: java.lang.String m
cn.waps.AdInfo: java.lang.String n
cn.waps.AdInfo: java.lang.String o
cn.waps.AdInfo: java.lang.String p
cn.waps.AdInfo: java.lang.String q
cn.waps.AdInfo: java.lang.String r
cn.waps.AdInfo: java.lang.String s
cn.waps.AdInfo: java.lang.String t
cn.waps.AdInfo: java.lang.String u
cn.waps.AdInfo: java.lang.String v
cn.waps.AdInfo: int w
cn.waps.AdInfo: int x
cn.waps.AdInfo: android.graphics.Bitmap y
cn.waps.AdInfo: java.lang.String z
cn.waps.AdInfo: java.lang.String A
cn.waps.AdInfo: java.lang.String B
cn.waps.AdInfo: java.lang.String C
cn.waps.AdInfo: AdInfo()
cn.waps.AdInfo: android.graphics.Bitmap getAdIcon()
cn.waps.AdInfo: void a(android.graphics.Bitmap)
cn.waps.AdInfo: java.lang.String getAdId()
cn.waps.AdInfo: void a(java.lang.String)
cn.waps.AdInfo: java.lang.String a()
cn.waps.AdInfo: void b(java.lang.String)
cn.waps.AdInfo: java.lang.String getAdText()
cn.waps.AdInfo: void c(java.lang.String)
cn.waps.AdInfo: java.lang.String b()
cn.waps.AdInfo: void d(java.lang.String)
cn.waps.AdInfo: java.lang.String c()
cn.waps.AnimationType
cn.waps.AnimationType: int MINI_RANDOM
cn.waps.AnimationType: AnimationType()
cn.waps.AnimationType: void startMiniAdAnimation(int,android.view.View)
cn.waps.AnimationType: java.util.Map getAnimation(android.view.View)