Andx3/proguard_logs/mapping.txt
com.umk.andx3.R -> com.umk.andx3.a:
com.umk.andx3.R$id -> com.umk.andx3.b:
    int progress_iv_loading -> a
    int progress_tv_loading -> b
    int xlistview_footer_arrow -> c
    int xlistview_footer_content -> d
    int xlistview_footer_hint_textview -> e
    int xlistview_footer_progressbar -> f
    int xlistview_header_arrow -> g
    int xlistview_header_content -> h
    int xlistview_header_hint_textview -> i
    int xlistview_header_progressbar -> j
    int xlistview_header_text -> k
    int xlistview_header_time -> l
    int xlistview_header_time_title -> m
com.umk.andx3.R$layout -> com.umk.andx3.c:
    int dialog_progress_simple -> a
    int x3listview_footer -> b
    int x3listview_header -> c
com.umk.andx3.R$string -> com.umk.andx3.d:
    int xlistview_footer_hint_normal -> a
    int xlistview_footer_hint_ready -> b
    int xlistview_header_hint_loading -> c
    int xlistview_header_hint_normal -> d
    int xlistview_header_hint_ready -> e
    int xlistview_header_last_time -> f
com.umk.andx3.api.Api -> com.umk.andx3.api.Api:
com.umk.andx3.api.ProgressCallBack -> com.umk.andx3.api.a:
    android.app.Dialog dialog -> a
    java.lang.String msg -> b
    void onPreExecute() -> onPreExecute
    android.content.Context getContext() -> a
    void onPostExecute() -> onPostExecute
com.umk.andx3.base.BaseActivity -> com.umk.andx3.base.BaseActivity:
    com.umk.andx3.base.BaseApplication mApplication -> mApplication
    com.umk.andx3.util.NetWorkUtil mNetWorkUtil -> mNetWorkUtil
    com.lidroid.xutils.BitmapUtils mBitmapUtils -> mBitmapUtils
    com.umk.andx3.dialog.FlippingAlertDialog loadingDialog -> loadingDialog
    int mScreenWidth -> mScreenWidth
    int mScreenHeight -> mScreenHeight
    float mDensity -> mDensity
    boolean runTopState -> runTopState
    void onCreate(android.os.Bundle) -> onCreate
    void initBase() -> initBase
    void initUtil() -> initUtil
    void initParam() -> initParam
    void initLog() -> initLog
    boolean getRun(com.umk.andx3.base.BaseActivity) -> getRun
    boolean getRunTop(com.umk.andx3.base.BaseActivity) -> getRunTop
    void onStart() -> onStart
    void onStop() -> onStop
    int getScreenWidth(android.content.Context) -> getScreenWidth
    int getScreenHeight(android.content.Context) -> getScreenHeight
    void showShortToast(java.lang.String) -> showShortToast
    void showLongToast(java.lang.String) -> showLongToast
    void showToast(int,int) -> showToast
    void showShortToastGravity(java.lang.String) -> showShortToastGravity
    void showLongToastGravity(java.lang.String) -> showLongToastGravity
    void showToastGravity(java.lang.String,int) -> showToastGravity
    void showCustomToast(java.lang.String) -> showCustomToast
    void startActivity(java.lang.Class) -> startActivity
com.umk.andx3.base.BaseActivity$1 -> com.umk.andx3.base.a:
    com.umk.andx3.base.BaseActivity this$0 -> a
    void onShow(android.content.DialogInterface) -> onShow
com.umk.andx3.base.BaseActivity$1$1 -> com.umk.andx3.base.b:
    com.umk.andx3.base.BaseActivity$1 this$1 -> a
    void onTick(long) -> onTick
    void onFinish() -> onFinish
com.umk.andx3.base.BaseApplication -> com.umk.andx3.base.BaseApplication:
    android.content.Context aContext -> a
    void onCreate() -> onCreate
com.umk.andx3.base.BaseApplication$1 -> com.umk.andx3.base.c:
    com.umk.andx3.base.BaseApplication this$0 -> a
    void beforeRequest(java.util.List) -> beforeRequest
    void onException(java.lang.Exception) -> onException
    android.content.Context access$000(com.umk.andx3.base.BaseApplication$1) -> a
    android.content.Context access$100(com.umk.andx3.base.BaseApplication$1) -> b
    android.content.Context access$200(com.umk.andx3.base.BaseApplication$1) -> c
    android.content.Context access$300(com.umk.andx3.base.BaseApplication$1) -> d
    android.content.Context access$400(com.umk.andx3.base.BaseApplication$1) -> e
    android.content.Context access$500(com.umk.andx3.base.BaseApplication$1) -> f
...
com.umk.tiebashenqi.adapter.GalleryAdapter$1 -> com.umk.tiebashenqi.a.k:
    com.umk.tiebashenqi.entity.TieziPicture val$item -> a
    com.umk.tiebashenqi.adapter.GalleryAdapter this$0 -> b
    void onClick(android.view.View) -> onClick
com.umk.tiebashenqi.adapter.GalleryAdapter$ViewHolder -> com.umk.tiebashenqi.a.l:
    android.widget.ImageView mPicture -> a
    com.umk.tiebashenqi.adapter.GalleryAdapter this$0 -> b
com.umk.tiebashenqi.adapter.TiebaAdapter -> com.umk.tiebashenqi.a.m:
    android.content.Context mContext -> a
    android.view.LayoutInflater mInflater -> b
    com.umk.andx3.lib.util.ListMap objects -> c
    com.fortysevendeg.android.swipelistview.SwipeListView mSwipeListView -> d
    int getCount() -> getCount
    com.umk.tiebashenqi.entity.Tieba getItem(int) -> a
    long getItemId(int) -> getItemId
    android.view.View getView(int,android.view.View,android.view.ViewGroup) -> getView
    java.lang.Object getItem(int) -> getItem
    com.fortysevendeg.android.swipelistview.SwipeListView access$000(com.umk.tiebashenqi.adapter.TiebaAdapter) -> a
com.umk.tiebashenqi.adapter.TiebaAdapter$1 -> com.umk.tiebashenqi.a.n:
    int val$position -> a
    com.umk.tiebashenqi.adapter.TiebaAdapter this$0 -> b
    void onClick(android.view.View) -> onClick
com.umk.tiebashenqi.adapter.TiebaAdapter$ViewHolder -> com.umk.tiebashenqi.a.o:
    android.widget.TextView mFrontTiebaName -> a
    android.widget.TextView mFrontTiebaInfo -> b
    android.widget.ImageView mFrontTiebaImage -> c
    android.widget.LinearLayout mBackDelete -> d
    com.umk.tiebashenqi.adapter.TiebaAdapter this$0 -> e
com.umk.tiebashenqi.adapter.TiebaTieziAdapter -> com.umk.tiebashenqi.a.p:
    android.widget.ExpandableListView expandableListView -> a
    android.content.Context mContext -> b
    android.view.LayoutInflater mInflater -> c
    java.util.List mFavoriteTiezi -> d
    java.util.List mGroup -> e
    java.util.List mData -> f
    java.util.Map mCache -> g
    android.os.Handler mHandler -> h
    int getGroupCount() -> getGroupCount
    int getChildrenCount(int) -> getChildrenCount
    java.util.List getChild$28cc3cee(int) -> a
    long getGroupId(int) -> getGroupId
    long getChildId(int,int) -> getChildId
    boolean hasStableIds() -> hasStableIds
    android.view.View getGroupView(int,boolean,android.view.View,android.view.ViewGroup) -> getGroupView
    void payMoney$7cb3d4e1(com.umk.tiebashenqi.adapter.TiebaTieziAdapter$GroupViewHolder,com.umk.tiebashenqi.entity.Tiezi,int) -> a
    void addTieziPicture(com.umk.tiebashenqi.adapter.TiebaTieziAdapter$GroupViewHolder,com.umk.tiebashenqi.entity.Tiezi,int) -> b
    void refreshTieziPicture(com.umk.tiebashenqi.adapter.TiebaTieziAdapter$GroupViewHolder,com.umk.tiebashenqi.entity.Tiezi,int,boolean) -> a
    android.view.View getChildView(int,int,boolean,android.view.View,android.view.ViewGroup) -> getChildView
    boolean isChildSelectable(int,int) -> isChildSelectable
    void setFavoriteTiezi(java.util.List) -> a
    java.lang.Object getChild(int,int) -> getChild
    java.lang.Object getGroup(int) -> getGroup
com.umk.tiebashenqi.adapter.TiebaTieziAdapter$1 -> com.umk.tiebashenqi.a.q:
    com.umk.tiebashenqi.adapter.TiebaTieziAdapter$GroupViewHolder val$holder -> a
    com.umk.tiebashenqi.entity.Tiezi val$group -> b
    int val$groupPosition -> c
    com.umk.tiebashenqi.adapter.TiebaTieziAdapter this$0 -> d
    void onClick(android.view.View) -> onClick
com.umk.tiebashenqi.adapter.TiebaTieziAdapter$2 -> com.umk.tiebashenqi.a.r:
    int val$groupPosition -> a
    com.umk.tiebashenqi.adapter.TiebaTieziAdapter$GroupViewHolder val$holder -> b
    com.umk.tiebashenqi.entity.Tiezi val$group -> c
    com.umk.tiebashenqi.adapter.TiebaTieziAdapter this$0 -> d
    void onClick(android.view.View) -> onClick