Andx3/proguard_logs/usage.txt
com.umk.andx3.BuildConfig
com.umk.andx3.R:
    9:47:public R()
com.umk.andx3.R$anim
com.umk.andx3.R$drawable
com.umk.andx3.R$id:
    27:27:public R$id()
com.umk.andx3.R$layout:
    42:42:public R$layout()
com.umk.andx3.R$string:
    47:47:public R$string()
com.umk.andx3.base.BaseToast:
    18:18:public BaseToast()
com.umk.andx3.dialog.FlippingAlertDialog:
    41:42:public FlippingAlertDialog(android.content.Context)
com.umk.andx3.dialog.FlippingAlertDialog$Builder:
    83:84:public com.umk.andx3.dialog.FlippingAlertDialog$Builder setMessage(int)
    94:95:public com.umk.andx3.dialog.FlippingAlertDialog$Builder setTitle(int)
    118:119:public com.umk.andx3.dialog.FlippingAlertDialog$Builder setContentView(android.view.View)
    131:134:public com.umk.andx3.dialog.FlippingAlertDialog$Builder setPositiveButton(int,android.content.DialogInterface$OnClickListener)
    160:163:public com.umk.andx3.dialog.FlippingAlertDialog$Builder setNegativeButton(int,android.content.DialogInterface$OnClickListener)
com.umk.andx3.dialog.FlippingProgressDialog
com.umk.andx3.dialog.FlippingProgressDialog$1
com.umk.andx3.dialog.FlippingProgressDialog$2
com.umk.andx3.dialog.FlippingProgressDialog$2$1
com.umk.andx3.dialog.NetworkProgressDialog:
    38:40:public NetworkProgressDialog(android.content.Context,java.lang.String,boolean,boolean)
com.umk.andx3.dialog.WebDialog
com.umk.andx3.dialog.WebDialog$1
com.umk.andx3.dialog.WebDialog$2
com.umk.andx3.dialog.WebDialog$3
com.umk.andx3.lib.config.AbstractCode:
    9:9:public AbstractCode()
    15:19:public static int getKey(java.lang.String)
    23:23:public static java.lang.String getValue(int)
com.umk.andx3.lib.config.Code:
    9:23:public Code()
com.umk.andx3.lib.config.Code$Sex:
    23:23:public Code$Sex()
com.umk.andx3.lib.config.Code$State:
    13:13:public Code$State()
com.umk.andx3.lib.util.Base64CoderUtil:
    58:58:public static java.lang.String encodeLines(byte[])
    72:84:public static java.lang.String encodeLines(byte[],int,int,int,java.lang.String)
    107:107:public static char[] encode(byte[],int)
    153:153:public static java.lang.String decodeString(java.lang.String)
    166:173:public static byte[] decodeLines(java.lang.String)
    243:244:private Base64CoderUtil()
    256:274:public static java.lang.String utf8URLencode(java.lang.String)
    284:299:public static java.lang.String utf8URLdecode(java.lang.String)
    310:323:private static java.lang.String codeToWord(java.lang.String)
    330:338:private static boolean utf8codeCheck(java.lang.String)
    345:349:public static java.lang.String urlEncode(java.lang.String)
com.umk.andx3.lib.util.DesUtils
com.umk.andx3.lib.util.ListMap:
    30:30:public boolean isEmpty()
    39:39:public java.util.Iterator iterator()
    48:52:public java.lang.Object[] toArray()
    63:69:public boolean containsKey(java.lang.Object)
    80:85:public boolean containsValue(java.lang.Object)
    96:101:public java.lang.Object get(java.lang.Object)
    135:141:public boolean remove(java.lang.Object)
    161:162:public void clear()
    188:191:public java.lang.Object set(int,java.lang.Object)
    204:209:public void add(int,java.lang.Object,java.lang.Object)
    219:225:public int indexOfValue(java.lang.Object)
    236:245:public int indexOfKey(java.lang.Object)
    257:259:public com.umk.andx3.lib.util.ListMap subList(int,int)
    267:271:public java.util.List values()
    279:283:public java.util.List keys()
    290:300:public void sortKey()
    306:316:public void sortValue()
    322:323:public void reverse()
com.umk.andx3.lib.util.ListMap$1
com.umk.andx3.lib.util.ListMap$2
...
android.support.v4.view.accessibility.AccessibilityManagerCompat
android.support.v4.view.accessibility.AccessibilityManagerCompat$AccessibilityManagerIcsImpl
android.support.v4.view.accessibility.AccessibilityManagerCompat$AccessibilityManagerIcsImpl$1
android.support.v4.view.accessibility.AccessibilityManagerCompat$AccessibilityManagerStubImpl
android.support.v4.view.accessibility.AccessibilityManagerCompat$AccessibilityManagerVersionImpl
android.support.v4.view.accessibility.AccessibilityManagerCompat$AccessibilityStateChangeListenerCompat
android.support.v4.view.accessibility.AccessibilityManagerCompatIcs
android.support.v4.view.accessibility.AccessibilityManagerCompatIcs$1
android.support.v4.view.accessibility.AccessibilityManagerCompatIcs$AccessibilityStateChangeListenerBridge
android.support.v4.view.accessibility.AccessibilityNodeInfoCompat:
    public static final int ACTION_FOCUS
    public static final int ACTION_CLEAR_FOCUS
    public static final int ACTION_SELECT
    public static final int ACTION_CLEAR_SELECTION
    public static final int ACTION_CLICK
    public static final int ACTION_LONG_CLICK
    public static final int ACTION_ACCESSIBILITY_FOCUS
    public static final int ACTION_CLEAR_ACCESSIBILITY_FOCUS
    public static final int ACTION_NEXT_AT_MOVEMENT_GRANULARITY
    public static final int ACTION_PREVIOUS_AT_MOVEMENT_GRANULARITY
    public static final int ACTION_NEXT_HTML_ELEMENT
    public static final int ACTION_PREVIOUS_HTML_ELEMENT
    public static final int ACTION_SCROLL_FORWARD
    public static final int ACTION_SCROLL_BACKWARD
    public static final java.lang.String ACTION_ARGUMENT_MOVEMENT_GRANULARITY_INT
    public static final java.lang.String ACTION_ARGUMENT_HTML_ELEMENT_STRING
    public static final int FOCUS_INPUT
    public static final int FOCUS_ACCESSIBILITY
    public static final int MOVEMENT_GRANULARITY_CHARACTER
    public static final int MOVEMENT_GRANULARITY_WORD
    public static final int MOVEMENT_GRANULARITY_LINE
    public static final int MOVEMENT_GRANULARITY_PARAGRAPH
    public static final int MOVEMENT_GRANULARITY_PAGE
    918:921:static android.support.v4.view.accessibility.AccessibilityNodeInfoCompat wrapNonNullInstance(java.lang.Object)
android.support.v4.view.accessibility.AccessibilityNodeInfoCompat$AccessibilityNodeInfoIcsImpl:
    402:402:public java.lang.Object obtain()
    407:407:public java.lang.Object obtain(android.view.View)
    412:412:public java.lang.Object obtain(java.lang.Object)
    422:423:public void addChild(java.lang.Object,android.view.View)
    427:427:public java.util.List findAccessibilityNodeInfosByText(java.lang.Object,java.lang.String)
    432:432:public int getActions(java.lang.Object)
    437:438:public void getBoundsInParent(java.lang.Object,android.graphics.Rect)
    442:443:public void getBoundsInScreen(java.lang.Object,android.graphics.Rect)
    447:447:public java.lang.Object getChild(java.lang.Object,int)
    452:452:public int getChildCount(java.lang.Object)
    457:457:public java.lang.CharSequence getClassName(java.lang.Object)
    462:462:public java.lang.CharSequence getContentDescription(java.lang.Object)
    467:467:public java.lang.CharSequence getPackageName(java.lang.Object)
    472:472:public java.lang.Object getParent(java.lang.Object)
    477:477:public java.lang.CharSequence getText(java.lang.Object)
    482:482:public int getWindowId(java.lang.Object)
    487:487:public boolean isCheckable(java.lang.Object)
    492:492:public boolean isChecked(java.lang.Object)
    497:497:public boolean isClickable(java.lang.Object)
    502:502:public boolean isEnabled(java.lang.Object)
    507:507:public boolean isFocusable(java.lang.Object)